info: Feb-10-2022 09:53:57: 	Server started and running on http://localhost:8080
error: Feb-10-2022 09:54:46: 	400 || Not Found - /api/v1/user/post - POST - ::1
error: Feb-10-2022 09:55:46: 	400 || Not Found - / - POST - ::1
info: Feb-10-2022 10:01:18: 	Server started and running on http://localhost:8080
info: Feb-10-2022 12:56:19: 	Server started and running on http://localhost:8080
info: Feb-10-2022 12:59:01: 	Server started and running on http://localhost:8080
info: Feb-10-2022 12:59:09: 	Server started and running on http://localhost:8080
info: Feb-10-2022 12:59:15: 	Server started and running on http://localhost:8080
info: Feb-10-2022 12:59:32: 	Server started and running on http://localhost:8080
info: Feb-10-2022 13:00:01: 	Server started and running on http://localhost:8080
info: Feb-10-2022 13:00:05: 	Server started and running on http://localhost:8080
info: Feb-10-2022 13:00:20: 	Server started and running on http://localhost:8080
info: Feb-10-2022 13:01:13: 	Server started and running on http://localhost:8080
info: Feb-14-2022 10:54:07: 	Server started and running on http://localhost:8080
info: Feb-14-2022 10:54:53: 	Server started and running on http://localhost:8080
info: Feb-14-2022 12:25:04: 	Server started and running on http://localhost:8080
info: Feb-14-2022 12:25:21: 	Server started and running on http://localhost:8080
error: Feb-14-2022 12:27:33: 	400 || Not Found - /docs - GET - ::1
error: Feb-14-2022 12:27:33: 	400 || Not Found - /favicon.ico - GET - ::1
info: Feb-14-2022 12:28:03: 	Server started and running on http://localhost:8080
error: Feb-14-2022 12:28:05: 	400 || Not Found - /docs - GET - ::1
error: Feb-14-2022 12:28:07: 	400 || Not Found - /docs - GET - ::1
error: Feb-14-2022 12:28:08: 	400 || Not Found - /docs - GET - ::1
error: Feb-14-2022 12:28:08: 	400 || Not Found - /docs - GET - ::1
error: Feb-14-2022 12:28:08: 	400 || Not Found - /docs - GET - ::1
info: Feb-14-2022 12:34:44: 	Server started and running on http://localhost:8080
info: Feb-14-2022 12:34:49: 	Server started and running on http://localhost:8080
info: Feb-14-2022 12:35:13: 	Server started and running on http://localhost:8080
error: Feb-14-2022 12:35:21: 	400 || Not Found - /docs - GET - ::1
info: Feb-14-2022 12:35:46: 	Server started and running on http://localhost:8080
error: Feb-14-2022 12:35:48: 	400 || Not Found - /docs - GET - ::1
error: Feb-14-2022 14:22:16: 	400 || Not Found - /docs - GET - ::1
info: Feb-14-2022 14:24:17: 	Server started and running on http://localhost:8080
info: Feb-14-2022 14:24:23: 	Server started and running on http://localhost:8080
info: Feb-14-2022 14:25:54: 	Server started and running on http://localhost:8080
info: Feb-14-2022 14:25:59: 	Server started and running on http://localhost:8080
error: Feb-14-2022 14:26:03: 	400 || Not Found - /docs - GET - ::1
error: Feb-14-2022 14:26:05: 	400 || Not Found - /docs - GET - ::1
error: Feb-14-2022 14:26:06: 	400 || Not Found - /docs - GET - ::1
error: Feb-14-2022 14:26:06: 	400 || Not Found - /docs - GET - ::1
error: Feb-14-2022 14:26:06: 	400 || Not Found - /docs - GET - ::1
info: Feb-14-2022 14:26:10: 	Server started and running on http://localhost:8080
error: Feb-14-2022 14:26:13: 	400 || Not Found - /docs - GET - ::1
error: Feb-14-2022 14:26:14: 	400 || Not Found - /docs - GET - ::1
error: Feb-14-2022 14:26:14: 	400 || Not Found - /docs - GET - ::1
error: Feb-14-2022 14:26:14: 	400 || Not Found - /docs - GET - ::1
error: Feb-14-2022 14:26:15: 	400 || Not Found - /docs - GET - ::1
info: Feb-14-2022 14:28:39: 	Server started and running on http://localhost:8080
info: Feb-14-2022 14:28:53: 	Server started and running on http://localhost:8080
info: Feb-14-2022 14:31:34: 	Server started and running on http://localhost:8080
info: Feb-14-2022 14:31:41: 	Server started and running on http://localhost:8080
info: Feb-14-2022 14:31:51: 	Server started and running on http://localhost:8080
info: Feb-14-2022 14:32:07: 	Server started and running on http://localhost:8080
info: Feb-14-2022 14:32:11: 	Server started and running on http://localhost:8080
info: Feb-14-2022 14:32:15: 	Server started and running on http://localhost:8080
info: Feb-14-2022 14:32:19: 	Server started and running on http://localhost:8080
info: Feb-14-2022 14:32:24: 	Server started and running on http://localhost:8080
info: Feb-14-2022 14:34:32: 	Server started and running on http://localhost:8080
info: Feb-14-2022 14:34:44: 	Server started and running on http://localhost:8080
info: Feb-14-2022 14:35:15: 	Server started and running on http://localhost:8080
info: Feb-14-2022 14:35:49: 	Server started and running on http://localhost:8080
info: Feb-14-2022 14:38:19: 	Server started and running on http://localhost:8080
info: Feb-14-2022 14:39:03: 	Server started and running on http://localhost:8080
info: Feb-14-2022 14:39:36: 	Server started and running on http://localhost:8080
info: Feb-14-2022 14:39:46: 	Server started and running on http://localhost:8080
info: Feb-14-2022 14:40:10: 	Server started and running on http://localhost:8080
info: Feb-14-2022 14:40:20: 	Server started and running on http://localhost:8080
info: Feb-14-2022 14:42:45: 	Server started and running on http://localhost:8080
info: Feb-14-2022 14:42:49: 	Server started and running on http://localhost:8080
info: Feb-14-2022 14:42:56: 	Server started and running on http://localhost:8080
info: Feb-14-2022 14:43:05: 	Server started and running on http://localhost:8080
info: Feb-14-2022 14:44:03: 	Server started and running on http://localhost:8080
info: Feb-14-2022 14:44:17: 	Server started and running on http://localhost:8080
info: Feb-14-2022 14:45:21: 	Server started and running on http://localhost:8080
info: Feb-14-2022 14:45:24: 	Server started and running on http://localhost:8080
info: Feb-14-2022 14:45:44: 	Server started and running on http://localhost:8080
info: Feb-14-2022 14:47:53: 	Server started and running on http://localhost:8080
info: Feb-14-2022 14:47:56: 	Server started and running on http://localhost:8080
info: Feb-14-2022 14:47:58: 	Server started and running on http://localhost:8080
info: Feb-14-2022 14:48:00: 	Server started and running on http://localhost:8080
info: Feb-14-2022 14:50:39: 	Server started and running on http://localhost:8080
info: Feb-14-2022 14:51:31: 	Server started and running on http://localhost:8080
info: Feb-14-2022 14:51:36: 	Server started and running on http://localhost:8080
info: Feb-14-2022 14:51:51: 	Server started and running on http://localhost:8080
info: Feb-14-2022 14:52:07: 	Server started and running on http://localhost:8080
info: Feb-14-2022 14:52:11: 	Server started and running on http://localhost:8080
info: Feb-14-2022 14:52:15: 	Server started and running on http://localhost:8080
info: Feb-14-2022 14:52:41: 	Server started and running on http://localhost:8080
info: Feb-14-2022 14:52:53: 	Server started and running on http://localhost:8080
info: Feb-14-2022 14:54:12: 	Server started and running on http://localhost:8080
info: Feb-14-2022 14:54:17: 	Server started and running on http://localhost:8080
info: Feb-14-2022 14:55:18: 	Server started and running on http://localhost:8080
info: Feb-14-2022 14:56:03: 	Server started and running on http://localhost:8080
info: Feb-14-2022 14:56:07: 	Server started and running on http://localhost:8080
info: Feb-14-2022 14:56:22: 	Server started and running on http://localhost:8080
info: Feb-14-2022 14:56:33: 	Server started and running on http://localhost:8080
info: Feb-14-2022 14:56:35: 	Server started and running on http://localhost:8080
info: Feb-14-2022 14:57:45: 	Server started and running on http://localhost:8080
info: Feb-14-2022 14:58:06: 	Server started and running on http://localhost:8080
info: Feb-14-2022 14:58:12: 	Server started and running on http://localhost:8080
info: Feb-14-2022 15:00:01: 	Server started and running on http://localhost:8080
info: Feb-14-2022 15:02:01: 	Server started and running on http://localhost:8080
info: Feb-14-2022 15:02:17: 	Server started and running on http://localhost:8080
info: Feb-14-2022 15:02:20: 	Server started and running on http://localhost:8080
info: Feb-14-2022 15:02:23: 	Server started and running on http://localhost:8080
info: Feb-14-2022 15:02:30: 	Server started and running on http://localhost:8080
info: Feb-14-2022 15:02:35: 	Server started and running on http://localhost:8080
info: Feb-14-2022 15:02:45: 	Server started and running on http://localhost:8080
info: Feb-14-2022 15:02:54: 	Server started and running on http://localhost:8080
info: Feb-14-2022 15:02:59: 	Server started and running on http://localhost:8080
info: Feb-14-2022 15:03:06: 	Server started and running on http://localhost:8080
info: Feb-14-2022 15:03:09: 	Server started and running on http://localhost:8080
info: Feb-14-2022 15:03:15: 	Server started and running on http://localhost:8080
info: Feb-14-2022 15:03:17: 	Server started and running on http://localhost:8080
info: Feb-14-2022 15:03:23: 	Server started and running on http://localhost:8080
info: Feb-14-2022 15:03:33: 	Server started and running on http://localhost:8080
info: Feb-14-2022 15:03:35: 	Server started and running on http://localhost:8080
info: Feb-14-2022 15:03:46: 	Server started and running on http://localhost:8080
info: Feb-14-2022 15:03:52: 	Server started and running on http://localhost:8080
info: Feb-14-2022 15:03:56: 	Server started and running on http://localhost:8080
info: Feb-14-2022 15:03:58: 	Server started and running on http://localhost:8080
info: Feb-14-2022 15:04:02: 	Server started and running on http://localhost:8080
info: Feb-14-2022 15:04:10: 	Server started and running on http://localhost:8080
info: Feb-14-2022 15:04:19: 	Server started and running on http://localhost:8080
info: Feb-14-2022 15:04:25: 	Server started and running on http://localhost:8080
info: Feb-14-2022 15:04:29: 	Server started and running on http://localhost:8080
info: Feb-14-2022 15:04:37: 	Server started and running on http://localhost:8080
info: Feb-14-2022 15:06:22: 	Server started and running on http://localhost:8080
info: Feb-14-2022 15:06:25: 	Server started and running on http://localhost:8080
info: Feb-14-2022 15:07:31: 	Server started and running on http://localhost:8080
info: Feb-14-2022 15:07:58: 	Server started and running on http://localhost:8080
info: Feb-14-2022 15:08:03: 	Server started and running on http://localhost:8080
info: Feb-14-2022 15:08:13: 	Server started and running on http://localhost:8080
info: Feb-14-2022 15:08:21: 	Server started and running on http://localhost:8080
info: Feb-14-2022 15:08:26: 	Server started and running on http://localhost:8080
info: Feb-14-2022 15:08:28: 	Server started and running on http://localhost:8080
info: Feb-14-2022 15:09:02: 	Server started and running on http://localhost:8080
info: Feb-14-2022 15:10:03: 	Server started and running on http://localhost:8080
info: Feb-14-2022 15:10:06: 	Server started and running on http://localhost:8080
info: Feb-14-2022 15:10:32: 	Server started and running on http://localhost:8080
info: Feb-14-2022 15:10:43: 	Server started and running on http://localhost:8080
info: Feb-14-2022 15:15:59: 	Server started and running on http://localhost:8080
info: Feb-14-2022 15:16:02: 	Server started and running on http://localhost:8080
info: Feb-14-2022 15:16:05: 	Server started and running on http://localhost:8080
info: Feb-14-2022 15:16:09: 	Server started and running on http://localhost:8080
info: Feb-14-2022 15:16:11: 	Server started and running on http://localhost:8080
info: Feb-14-2022 15:16:13: 	Server started and running on http://localhost:8080
info: Feb-14-2022 17:00:48: 	Server started and running on http://localhost:8080
info: Feb-14-2022 17:07:28: 	Server started and running on http://localhost:8080
info: Feb-14-2022 17:19:05: 	Server started and running on http://localhost:8080
info: Feb-14-2022 17:21:54: 	Server started and running on http://localhost:8080
info: Feb-14-2022 17:23:26: 	Server started and running on http://localhost:8080
info: Feb-14-2022 17:24:34: 	Server started and running on http://localhost:8080
info: Feb-14-2022 17:24:42: 	Server started and running on http://localhost:8080
info: Feb-14-2022 17:25:49: 	Server started and running on http://localhost:8080
info: Feb-14-2022 17:26:32: 	Server started and running on http://localhost:8080
info: Feb-14-2022 17:27:28: 	Server started and running on http://localhost:8080
info: Feb-14-2022 17:27:35: 	Server started and running on http://localhost:8080
info: Feb-14-2022 17:27:59: 	Server started and running on http://localhost:8080
info: Feb-14-2022 17:29:05: 	Server started and running on http://localhost:8080
info: Feb-14-2022 17:30:21: 	Server started and running on http://localhost:8080
info: Feb-14-2022 17:31:24: 	Server started and running on http://localhost:8080
info: Feb-14-2022 17:31:28: 	Server started and running on http://localhost:8080
info: Feb-14-2022 17:31:48: 	Server started and running on http://localhost:8080
info: Feb-14-2022 17:31:53: 	Server started and running on http://localhost:8080
info: Feb-14-2022 17:43:43: 	Server started and running on http://localhost:8080
info: Feb-14-2022 17:43:55: 	Server started and running on http://localhost:8080
info: Feb-14-2022 17:44:01: 	Server started and running on http://localhost:8080
info: Feb-14-2022 17:44:08: 	Server started and running on http://localhost:8080
info: Feb-14-2022 17:45:14: 	Server started and running on http://localhost:8080
info: Feb-14-2022 17:45:33: 	Server started and running on http://localhost:8080
info: Feb-14-2022 17:48:58: 	Server started and running on http://localhost:8080
info: Feb-14-2022 17:49:04: 	Server started and running on http://localhost:8080
info: Feb-14-2022 17:49:38: 	Server started and running on http://localhost:8080
info: Feb-14-2022 17:50:01: 	Server started and running on http://localhost:8080
info: Feb-14-2022 17:50:01: 	Server started and running on http://localhost:8080
info: Feb-14-2022 17:50:03: 	Server started and running on http://localhost:8080
info: Feb-14-2022 17:51:07: 	Server started and running on http://localhost:8080
info: Feb-15-2022 11:28:31: 	Server started and running on http://localhost:8080
info: Feb-15-2022 11:30:05: 	Server started and running on http://localhost:8080
info: Feb-15-2022 11:30:46: 	Server started and running on http://localhost:8080
info: Feb-15-2022 11:32:05: 	Server started and running on http://localhost:8080
info: Feb-15-2022 11:33:05: 	Server started and running on http://localhost:8080
info: Feb-15-2022 11:33:16: 	Server started and running on http://localhost:8080
info: Feb-15-2022 11:33:19: 	Server started and running on http://localhost:8080
info: Feb-15-2022 11:33:24: 	Server started and running on http://localhost:8080
info: Feb-15-2022 11:33:55: 	Server started and running on http://localhost:8080
info: Feb-15-2022 11:34:00: 	Server started and running on http://localhost:8080
info: Feb-15-2022 11:34:06: 	Server started and running on http://localhost:8080
info: Feb-15-2022 11:38:44: 	Server started and running on http://localhost:8080
info: Feb-15-2022 11:39:09: 	Server started and running on http://localhost:8080
info: Feb-15-2022 11:40:25: 	Server started and running on http://localhost:8080
info: Feb-15-2022 11:42:01: 	Server started and running on http://localhost:8080
info: Feb-15-2022 11:43:41: 	Server started and running on http://localhost:8080
info: Feb-15-2022 11:44:40: 	Server started and running on http://localhost:8080
info: Feb-15-2022 11:44:51: 	Server started and running on http://localhost:8080
info: Feb-15-2022 11:46:31: 	Server started and running on http://localhost:8080
info: Feb-15-2022 11:46:33: 	Server started and running on http://localhost:8080
info: Feb-15-2022 11:47:07: 	Server started and running on http://localhost:8080
info: Feb-15-2022 11:47:11: 	Server started and running on http://localhost:8080
info: Feb-15-2022 12:05:24: 	Server started and running on http://localhost:8080
info: Feb-15-2022 12:08:03: 	Server started and running on http://localhost:8080
info: Feb-15-2022 12:08:14: 	Server started and running on http://localhost:8080
info: Feb-15-2022 12:11:01: 	Server started and running on http://localhost:8080
info: Feb-15-2022 12:11:06: 	Server started and running on http://localhost:8080
info: Feb-15-2022 12:16:45: 	Server started and running on http://localhost:8080
info: Feb-15-2022 12:17:14: 	Server started and running on http://localhost:8080
info: Feb-15-2022 12:21:46: 	Server started and running on http://localhost:8080
info: Feb-15-2022 12:24:25: 	Server started and running on http://localhost:8080
info: Feb-15-2022 12:42:15: 	Server started and running on http://localhost:8080
info: Feb-15-2022 12:43:28: 	Server started and running on http://localhost:8080
info: Feb-15-2022 12:43:48: 	Server started and running on http://localhost:8080
info: Feb-15-2022 12:43:55: 	Server started and running on http://localhost:8080
info: Feb-15-2022 12:44:04: 	Server started and running on http://localhost:8080
info: Feb-15-2022 12:44:12: 	Server started and running on http://localhost:8080
info: Feb-15-2022 12:46:52: 	Server started and running on http://localhost:8080
info: Feb-15-2022 12:47:02: 	Server started and running on http://localhost:8080
info: Feb-15-2022 12:47:12: 	Server started and running on http://localhost:8080
info: Feb-15-2022 12:47:16: 	Server started and running on http://localhost:8080
info: Feb-15-2022 12:48:13: 	Server started and running on http://localhost:8080
info: Feb-15-2022 12:48:16: 	Server started and running on http://localhost:8080
info: Feb-15-2022 12:48:33: 	Server started and running on http://localhost:8080
info: Feb-15-2022 12:49:10: 	Server started and running on http://localhost:8080
info: Feb-15-2022 12:49:15: 	Server started and running on http://localhost:8080
info: Feb-15-2022 12:49:23: 	Server started and running on http://localhost:8080
info: Feb-15-2022 12:49:52: 	Server started and running on http://localhost:8080
info: Feb-15-2022 12:49:54: 	Server started and running on http://localhost:8080
info: Feb-15-2022 12:51:04: 	Server started and running on http://localhost:8080
info: Feb-15-2022 12:51:13: 	Server started and running on http://localhost:8080
info: Feb-15-2022 12:51:16: 	Server started and running on http://localhost:8080
info: Feb-15-2022 12:51:19: 	Server started and running on http://localhost:8080
info: Feb-15-2022 12:51:22: 	Server started and running on http://localhost:8080
info: Feb-15-2022 12:55:57: 	Server started and running on http://localhost:8080
info: Feb-15-2022 12:55:59: 	Server started and running on http://localhost:8080
info: Feb-15-2022 12:56:03: 	Server started and running on http://localhost:8080
info: Feb-15-2022 12:56:07: 	Server started and running on http://localhost:8080
info: Feb-15-2022 12:56:17: 	Server started and running on http://localhost:8080
info: Feb-15-2022 12:57:17: 	Server started and running on http://localhost:8080
info: Feb-15-2022 12:57:21: 	Server started and running on http://localhost:8080
info: Feb-15-2022 12:57:40: 	Server started and running on http://localhost:8080
info: Feb-15-2022 12:57:43: 	Server started and running on http://localhost:8080
info: Feb-15-2022 12:57:47: 	Server started and running on http://localhost:8080
info: Feb-15-2022 12:57:54: 	Server started and running on http://localhost:8080
info: Feb-15-2022 12:58:04: 	Server started and running on http://localhost:8080
info: Feb-15-2022 12:58:08: 	Server started and running on http://localhost:8080
info: Feb-15-2022 12:58:42: 	Server started and running on http://localhost:8080
info: Feb-15-2022 12:58:55: 	Server started and running on http://localhost:8080
info: Feb-15-2022 12:58:58: 	Server started and running on http://localhost:8080
info: Feb-15-2022 12:59:10: 	Server started and running on http://localhost:8080
info: Feb-15-2022 12:59:15: 	Server started and running on http://localhost:8080
info: Feb-15-2022 13:00:00: 	Server started and running on http://localhost:8080
info: Feb-15-2022 13:00:12: 	Server started and running on http://localhost:8080
info: Feb-15-2022 13:00:44: 	Server started and running on http://localhost:8080
info: Feb-15-2022 13:00:48: 	Server started and running on http://localhost:8080
info: Feb-15-2022 13:02:40: 	Server started and running on http://localhost:8080
info: Feb-15-2022 13:02:54: 	Server started and running on http://localhost:8080
info: Feb-15-2022 13:03:37: 	Server started and running on http://localhost:8080
info: Feb-15-2022 13:04:25: 	Server started and running on http://localhost:8080
info: Feb-15-2022 13:04:29: 	Server started and running on http://localhost:8080
info: Feb-15-2022 13:05:19: 	Server started and running on http://localhost:8080
info: Feb-15-2022 13:05:41: 	Server started and running on http://localhost:8080
info: Feb-15-2022 13:06:26: 	Server started and running on http://localhost:8080
info: Feb-15-2022 13:06:49: 	Server started and running on http://localhost:8080
info: Feb-15-2022 13:06:55: 	Server started and running on http://localhost:8080
info: Feb-15-2022 13:07:00: 	Server started and running on http://localhost:8080
info: Feb-15-2022 13:07:02: 	Server started and running on http://localhost:8080
info: Feb-15-2022 13:07:36: 	Server started and running on http://localhost:8080
info: Feb-15-2022 13:07:46: 	Server started and running on http://localhost:8080
info: Feb-15-2022 13:09:47: 	Server started and running on http://localhost:8080
info: Feb-15-2022 13:14:46: 	Server Sent A Hello World!
info: Feb-15-2022 13:18:30: 	Server started and running on http://localhost:8080
info: Feb-15-2022 13:18:46: 	Server started and running on http://localhost:8080
info: Feb-15-2022 13:19:05: 	Server started and running on http://localhost:8080
info: Feb-15-2022 13:19:23: 	Server started and running on http://localhost:8080
info: Feb-15-2022 13:20:09: 	Server started and running on http://localhost:8080
info: Feb-15-2022 13:20:30: 	Server started and running on http://localhost:8080
info: Feb-15-2022 13:20:35: 	Server started and running on http://localhost:8080
info: Feb-15-2022 13:20:50: 	Server started and running on http://localhost:8080
info: Feb-15-2022 17:18:39: 	Server started and running on http://localhost:8080
info: Feb-15-2022 17:18:45: 	Server started and running on http://localhost:8080
info: Feb-15-2022 17:18:55: 	Server started and running on http://localhost:8080
error: Feb-15-2022 17:23:09: 	400 || Not Found - /api/v1/user/ - POST - ::1
info: Feb-15-2022 17:25:47: 	Server started and running on http://localhost:8080
info: Feb-15-2022 17:27:09: 	Server started and running on http://localhost:8080
info: Feb-15-2022 17:31:32: 	Server started and running on http://localhost:8080
info: Feb-15-2022 17:31:43: 	Server started and running on http://localhost:8080
info: Feb-15-2022 17:31:50: 	Server started and running on http://localhost:8080
info: Feb-15-2022 17:32:52: 	Server started and running on http://localhost:8080
info: Feb-15-2022 17:33:30: 	Server started and running on http://localhost:8080
info: Feb-15-2022 17:34:04: 	Server started and running on http://localhost:8080
info: Feb-15-2022 17:35:00: 	Server started and running on http://localhost:8080
info: Feb-15-2022 17:35:39: 	Server started and running on http://localhost:8080
info: Feb-15-2022 17:35:44: 	Server started and running on http://localhost:8080
info: Feb-15-2022 17:39:39: 	Server started and running on http://localhost:8080
info: Feb-15-2022 17:39:42: 	Server started and running on http://localhost:8080
info: Feb-15-2022 17:39:48: 	Server started and running on http://localhost:8080
info: Feb-15-2022 17:39:51: 	Server started and running on http://localhost:8080
info: Feb-16-2022 00:15:49: 	Server started and running on http://localhost:8080
info: Feb-16-2022 10:42:20: 	Server started and running on http://localhost:8080
info: Feb-16-2022 10:48:14: 	Server started and running on http://localhost:8080
info: Feb-16-2022 10:57:48: 	Server started and running on http://localhost:8080
info: Feb-16-2022 11:03:21: 	Server started and running on http://localhost:8080
info: Feb-17-2022 10:20:25: 	Server started and running on http://localhost:8080
info: Feb-17-2022 10:21:07: 	Server started and running on http://localhost:8080
info: Feb-17-2022 10:23:20: 	Server started and running on http://localhost:8080
